<?xml version="1.0" encoding="UTF-8"?>
<!-- Generated by org.testng.reporters.JUnitReportReporter -->
<testsuite hostname="korsyl" failures="0" tests="3" name="com.neotech.testcases.AddEmployeeTest" time="68.111" errors="0" timestamp="2023-10-21T10:37:59 EDT" skipped="0">
  <testcase classname="com.neotech.testcases.AddEmployeeTest" name="addEmployee" time="22.665"/>
  <system-out/>
  <testcase classname="com.neotech.testcases.AddEmployeeTest" name="addEmployee" time="21.803"/>
  <system-out/>
  <testcase classname="com.neotech.testcases.AddEmployeeTest" name="addEmployee" time="23.643"/>
  <system-out/>
</testsuite> <!-- com.neotech.testcases.AddEmployeeTest -->
