<?xml version="1.0" encoding="UTF-8"?>
<!-- Generated by org.testng.reporters.JUnitReportReporter -->
<testsuite hostname="korsyl" failures="0" tests="3" name="com.neotech.testcases.LoginTest" time="7.954" errors="0" timestamp="2023-10-18T20:35:49 EDT" skipped="2">
  <testcase classname="com.neotech.testcases.LoginTest" name="validLogin" time="7.954"/>
  <system-out/>
  <testcase classname="com.neotech.testcases.LoginTest" name="emptyPasswordLogin">
    <skipped/>
  </testcase> <!-- emptyPasswordLogin -->
  <system-out/>
  <testcase classname="com.neotech.testcases.LoginTest" name="invalidPasswordLogin">
    <skipped/>
  </testcase> <!-- invalidPasswordLogin -->
  <system-out/>
</testsuite> <!-- com.neotech.testcases.LoginTest -->
