<?xml version="1.0" encoding="UTF-8"?>
<!-- Generated by org.testng.reporters.JUnitReportReporter -->
<testsuite hostname="korsyl" failures="0" tests="3" name="com.neotech.testcases.AddEmployeeWShane" time="80.187" errors="0" timestamp="2023-10-21T10:40:38 EDT" skipped="0">
  <testcase classname="com.neotech.testcases.AddEmployeeWShane" name="addEmployeeRe" time="26.731"/>
  <system-out/>
  <testcase classname="com.neotech.testcases.AddEmployeeWShane" name="addEmployeeRe" time="26.282"/>
  <system-out/>
  <testcase classname="com.neotech.testcases.AddEmployeeWShane" name="addEmployeeRe" time="27.174"/>
  <system-out/>
</testsuite> <!-- com.neotech.testcases.AddEmployeeWShane -->
