<?xml version="1.0" encoding="UTF-8"?>
<!-- Generated by org.testng.reporters.JUnitReportReporter -->
<testsuite hostname="korsyl" failures="0" tests="1" name="com.neotech.testcases.LoginTest" time="8.184" errors="0" timestamp="2023-10-18T17:36:15 EDT" skipped="0">
  <testcase classname="com.neotech.testcases.LoginTest" name="validLogin" time="8.184"/>
  <system-out/>
</testsuite> <!-- com.neotech.testcases.LoginTest -->
