<?xml version="1.0" encoding="UTF-8"?>
<!-- Generated by org.testng.reporters.JUnitReportReporter -->
<testsuite hostname="korsyl" failures="0" tests="3" name="com.neotech.testcases.AddEmployeeTest" time="39.001" errors="0" timestamp="2023-10-18T17:12:20 EDT" skipped="0">
  <testcase classname="com.neotech.testcases.AddEmployeeTest" name="addEmployee" time="13.543"/>
  <system-out/>
  <testcase classname="com.neotech.testcases.AddEmployeeTest" name="addEmployee" time="13.182"/>
  <system-out/>
  <testcase classname="com.neotech.testcases.AddEmployeeTest" name="addEmployee" time="12.276"/>
  <system-out/>
</testsuite> <!-- com.neotech.testcases.AddEmployeeTest -->
